{"numFailedTestSuites":4,"numFailedTests":0,"numPassedTestSuites":0,"numPassedTests":0,"numPendingTestSuites":0,"numPendingTests":0,"numRuntimeErrorTestSuites":4,"numTodoTests":0,"numTotalTestSuites":4,"numTotalTests":0,"openHandles":[],"snapshot":{"added":0,"didUpdate":false,"failure":false,"filesAdded":0,"filesRemoved":0,"filesRemovedList":[],"filesUnmatched":0,"filesUpdated":0,"matched":0,"total":0,"unchecked":0,"uncheckedKeysByFile":[],"unmatched":0,"updated":0},"startTime":1750049189181,"success":false,"testResults":[{"assertionResults":[],"coverage":{},"endTime":1750049191476,"message":"  \u001b[1m● \u001b[22mTest suite failed to run\n\n    Configuration manager is not initialized\n\n    \u001b[0m \u001b[90m 113 |\u001b[39m     \u001b[33mConfigManager\u001b[39m\u001b[33m.\u001b[39mprototype\u001b[33m.\u001b[39mensureInitialized \u001b[33m=\u001b[39m \u001b[36mfunction\u001b[39m () {\n     \u001b[90m 114 |\u001b[39m         \u001b[36mif\u001b[39m (\u001b[33m!\u001b[39m\u001b[36mthis\u001b[39m\u001b[33m.\u001b[39minitialized) {\n    \u001b[31m\u001b[1m>\u001b[22m\u001b[39m\u001b[90m 115 |\u001b[39m             \u001b[36mthrow\u001b[39m \u001b[36mnew\u001b[39m \u001b[33mError\u001b[39m(\u001b[32m'Configuration manager is not initialized'\u001b[39m)\u001b[33m;\u001b[39m\n     \u001b[90m     |\u001b[39m                   \u001b[31m\u001b[1m^\u001b[22m\u001b[39m\n     \u001b[90m 116 |\u001b[39m         }\n     \u001b[90m 117 |\u001b[39m     }\u001b[33m;\u001b[39m\n     \u001b[90m 118 |\u001b[39m     \u001b[90m/**\u001b[39m\u001b[0m\n\n      \u001b[2mat ConfigManager.Object.<anonymous>.ConfigManager.ensureInitialized (\u001b[22msrc/utils/config.js\u001b[2m:115:19)\u001b[22m\n      \u001b[2mat ConfigManager.Object.<anonymous>.ConfigManager.get (\u001b[22msrc/utils/config.js\u001b[2m:414:14)\u001b[22m\n      \u001b[2mat ConfigManager.Object.<anonymous>.ConfigManager.validateRequiredFields (\u001b[22msrc/utils/config.js\u001b[2m:388:28)\u001b[22m\n      \u001b[2mat ConfigManager.Object.<anonymous>.ConfigManager.validateConfig (\u001b[22msrc/utils/config.js\u001b[2m:346:14)\u001b[22m\n      \u001b[2mat new ConfigManager (\u001b[22msrc/utils/config.js\u001b[2m:95:14)\u001b[22m\n      \u001b[2mat Function.Object.<anonymous>.ConfigManager.getInstance (\u001b[22msrc/utils/config.js\u001b[2m:105:38)\u001b[22m\n      \u001b[2mat Object.<anonymous> (\u001b[22msrc/utils/config.js\u001b[2m:537:32)\u001b[22m\n      \u001b[2mat Object.<anonymous> (\u001b[22mjest.setup.ts\u001b[2m:3:1)\u001b[22m\n","name":"/Users/haroldtsui/Work/11-AI-Lab/AI-Huaan/src/__tests__/capture-services/file-processor.test.ts","startTime":1750049191476,"status":"failed","summary":""},{"assertionResults":[],"coverage":{},"endTime":1750049191476,"message":"  \u001b[1m● \u001b[22mTest suite failed to run\n\n    Configuration manager is not initialized\n\n    \u001b[0m \u001b[90m 113 |\u001b[39m     \u001b[33mConfigManager\u001b[39m\u001b[33m.\u001b[39mprototype\u001b[33m.\u001b[39mensureInitialized \u001b[33m=\u001b[39m \u001b[36mfunction\u001b[39m () {\n     \u001b[90m 114 |\u001b[39m         \u001b[36mif\u001b[39m (\u001b[33m!\u001b[39m\u001b[36mthis\u001b[39m\u001b[33m.\u001b[39minitialized) {\n    \u001b[31m\u001b[1m>\u001b[22m\u001b[39m\u001b[90m 115 |\u001b[39m             \u001b[36mthrow\u001b[39m \u001b[36mnew\u001b[39m \u001b[33mError\u001b[39m(\u001b[32m'Configuration manager is not initialized'\u001b[39m)\u001b[33m;\u001b[39m\n     \u001b[90m     |\u001b[39m                   \u001b[31m\u001b[1m^\u001b[22m\u001b[39m\n     \u001b[90m 116 |\u001b[39m         }\n     \u001b[90m 117 |\u001b[39m     }\u001b[33m;\u001b[39m\n     \u001b[90m 118 |\u001b[39m     \u001b[90m/**\u001b[39m\u001b[0m\n\n      \u001b[2mat ConfigManager.Object.<anonymous>.ConfigManager.ensureInitialized (\u001b[22msrc/utils/config.js\u001b[2m:115:19)\u001b[22m\n      \u001b[2mat ConfigManager.Object.<anonymous>.ConfigManager.get (\u001b[22msrc/utils/config.js\u001b[2m:414:14)\u001b[22m\n      \u001b[2mat ConfigManager.Object.<anonymous>.ConfigManager.validateRequiredFields (\u001b[22msrc/utils/config.js\u001b[2m:388:28)\u001b[22m\n      \u001b[2mat ConfigManager.Object.<anonymous>.ConfigManager.validateConfig (\u001b[22msrc/utils/config.js\u001b[2m:346:14)\u001b[22m\n      \u001b[2mat new ConfigManager (\u001b[22msrc/utils/config.js\u001b[2m:95:14)\u001b[22m\n      \u001b[2mat Function.Object.<anonymous>.ConfigManager.getInstance (\u001b[22msrc/utils/config.js\u001b[2m:105:38)\u001b[22m\n      \u001b[2mat Object.<anonymous> (\u001b[22msrc/utils/config.js\u001b[2m:537:32)\u001b[22m\n      \u001b[2mat Object.<anonymous> (\u001b[22mjest.setup.ts\u001b[2m:3:1)\u001b[22m\n","name":"/Users/haroldtsui/Work/11-AI-Lab/AI-Huaan/src/__tests__/memory-capture-service.test.ts","startTime":1750049191476,"status":"failed","summary":""},{"assertionResults":[],"coverage":{},"endTime":1750049191476,"message":"  \u001b[1m● \u001b[22mTest suite failed to run\n\n    Configuration manager is not initialized\n\n    \u001b[0m \u001b[90m 113 |\u001b[39m     \u001b[33mConfigManager\u001b[39m\u001b[33m.\u001b[39mprototype\u001b[33m.\u001b[39mensureInitialized \u001b[33m=\u001b[39m \u001b[36mfunction\u001b[39m () {\n     \u001b[90m 114 |\u001b[39m         \u001b[36mif\u001b[39m (\u001b[33m!\u001b[39m\u001b[36mthis\u001b[39m\u001b[33m.\u001b[39minitialized) {\n    \u001b[31m\u001b[1m>\u001b[22m\u001b[39m\u001b[90m 115 |\u001b[39m             \u001b[36mthrow\u001b[39m \u001b[36mnew\u001b[39m \u001b[33mError\u001b[39m(\u001b[32m'Configuration manager is not initialized'\u001b[39m)\u001b[33m;\u001b[39m\n     \u001b[90m     |\u001b[39m                   \u001b[31m\u001b[1m^\u001b[22m\u001b[39m\n     \u001b[90m 116 |\u001b[39m         }\n     \u001b[90m 117 |\u001b[39m     }\u001b[33m;\u001b[39m\n     \u001b[90m 118 |\u001b[39m     \u001b[90m/**\u001b[39m\u001b[0m\n\n      \u001b[2mat ConfigManager.Object.<anonymous>.ConfigManager.ensureInitialized (\u001b[22msrc/utils/config.js\u001b[2m:115:19)\u001b[22m\n      \u001b[2mat ConfigManager.Object.<anonymous>.ConfigManager.get (\u001b[22msrc/utils/config.js\u001b[2m:414:14)\u001b[22m\n      \u001b[2mat ConfigManager.Object.<anonymous>.ConfigManager.validateRequiredFields (\u001b[22msrc/utils/config.js\u001b[2m:388:28)\u001b[22m\n      \u001b[2mat ConfigManager.Object.<anonymous>.ConfigManager.validateConfig (\u001b[22msrc/utils/config.js\u001b[2m:346:14)\u001b[22m\n      \u001b[2mat new ConfigManager (\u001b[22msrc/utils/config.js\u001b[2m:95:14)\u001b[22m\n      \u001b[2mat Function.Object.<anonymous>.ConfigManager.getInstance (\u001b[22msrc/utils/config.js\u001b[2m:105:38)\u001b[22m\n      \u001b[2mat Object.<anonymous> (\u001b[22msrc/utils/config.js\u001b[2m:537:32)\u001b[22m\n      \u001b[2mat Object.<anonymous> (\u001b[22mjest.setup.ts\u001b[2m:3:1)\u001b[22m\n","name":"/Users/haroldtsui/Work/11-AI-Lab/AI-Huaan/src/__tests__/knowledge-graph-mcp.test.ts","startTime":1750049191476,"status":"failed","summary":""},{"assertionResults":[],"coverage":{},"endTime":1750049191476,"message":"  \u001b[1m● \u001b[22mTest suite failed to run\n\n    Configuration manager is not initialized\n\n    \u001b[0m \u001b[90m 113 |\u001b[39m     \u001b[33mConfigManager\u001b[39m\u001b[33m.\u001b[39mprototype\u001b[33m.\u001b[39mensureInitialized \u001b[33m=\u001b[39m \u001b[36mfunction\u001b[39m () {\n     \u001b[90m 114 |\u001b[39m         \u001b[36mif\u001b[39m (\u001b[33m!\u001b[39m\u001b[36mthis\u001b[39m\u001b[33m.\u001b[39minitialized) {\n    \u001b[31m\u001b[1m>\u001b[22m\u001b[39m\u001b[90m 115 |\u001b[39m             \u001b[36mthrow\u001b[39m \u001b[36mnew\u001b[39m \u001b[33mError\u001b[39m(\u001b[32m'Configuration manager is not initialized'\u001b[39m)\u001b[33m;\u001b[39m\n     \u001b[90m     |\u001b[39m                   \u001b[31m\u001b[1m^\u001b[22m\u001b[39m\n     \u001b[90m 116 |\u001b[39m         }\n     \u001b[90m 117 |\u001b[39m     }\u001b[33m;\u001b[39m\n     \u001b[90m 118 |\u001b[39m     \u001b[90m/**\u001b[39m\u001b[0m\n\n      \u001b[2mat ConfigManager.Object.<anonymous>.ConfigManager.ensureInitialized (\u001b[22msrc/utils/config.js\u001b[2m:115:19)\u001b[22m\n      \u001b[2mat ConfigManager.Object.<anonymous>.ConfigManager.get (\u001b[22msrc/utils/config.js\u001b[2m:414:14)\u001b[22m\n      \u001b[2mat ConfigManager.Object.<anonymous>.ConfigManager.validateRequiredFields (\u001b[22msrc/utils/config.js\u001b[2m:388:28)\u001b[22m\n      \u001b[2mat ConfigManager.Object.<anonymous>.ConfigManager.validateConfig (\u001b[22msrc/utils/config.js\u001b[2m:346:14)\u001b[22m\n      \u001b[2mat new ConfigManager (\u001b[22msrc/utils/config.js\u001b[2m:95:14)\u001b[22m\n      \u001b[2mat Function.Object.<anonymous>.ConfigManager.getInstance (\u001b[22msrc/utils/config.js\u001b[2m:105:38)\u001b[22m\n      \u001b[2mat Object.<anonymous> (\u001b[22msrc/utils/config.js\u001b[2m:537:32)\u001b[22m\n      \u001b[2mat Object.<anonymous> (\u001b[22mjest.setup.ts\u001b[2m:3:1)\u001b[22m\n","name":"/Users/haroldtsui/Work/11-AI-Lab/AI-Huaan/src/__tests__/environment.test.ts","startTime":1750049191476,"status":"failed","summary":""}],"wasInterrupted":false}
